20
Loading TSL file from: ./data/input/HEF/snowlines/HEF-snowlines-1999-2010_noWinter.csv
Start date: 2000-01-01
End date: 2010-01-01T00:00
Set priors.
[0.         0.         0.19595645 0.2807154  0.         0.
 0.         0.33981337 0.         0.06998445 0.11819596 0.29548989
 0.35303266 0.04821151 0.         0.         0.34292379 0.43856921
 0.33125972 0.         0.         0.         0.         0.13841369
 0.29471229 0.09875583 0.16951788 0.         0.         0.
 0.13608087 0.27138414 0.48211509 0.         0.         0.
 0.08553655 0.17884914 0.48678072 0.4066874  0.52643857 0.08553655
 0.08009331 0.07076205 0.33670295 0.22472784 0.34603421 0.0933126
 0.         0.         0.         0.         0.         0.
 0.0940902  0.12286159 0.1718507  0.24883359 0.30948678 0.36158631
 0.48133748 0.52099533]
Lapse rates are: 0.0 0.0 0.0
Time required to load in opt_dic:  0:00:00.000025
#--------------------------------------#
Starting simulations with the following parameters.
(array(1.665), array(0.25), array(0.84), array(0.555), array(15.55), array(15.55), 1.0, 1, 0.24, 1.7, 4.0)

#--------------------------------------#

 Maximum available time interval from 1999-01-01T00:00 until 2010-01-01T00:00. Time steps: 96433 


--------------------------------------------------------------
	 Integration from 1999-01-01T00:00 to 2010-01-01T00:00
--------------------------------------------------------------

--------------------------------------------------------------
Checking input data .... 

Temperature data (T2) ... ok 
Please check the input data, its seems they are out of range T2 MAX: 295.92 MIN: 235.57 

Relative humidity data (RH2) ... ok 
Shortwave data (G) ... ok 
Please check the input data, its seems they are out of range G MAX: 1915.46 MIN: 0.00 

Wind velocity data (U2) ... ok 
Precipitation data (RRR) ... ok 
Please check the input data, its seems they are out of range Rrr MAX: 61.63 MIN: 0.00 

Cloud cover data (N) ... ok 
Pressure data (PRES) ... ok 
Snowfall data (SNOWFALL) ... ok 
Please check the input data, its seems they are out of range Snowfall MAX: 0.19 MIN: 0.00 


 Glacier gridpoints: 129 




Output dataset ... ok
Restart dataset ... ok 

--------------------------------------------------------------

Time required to init IO, DATA, RESULT, RESTART:  0:00:05.850659
(96433, 129, 1)
Assigning values back to DATA
100.0
0.01591862687473622
(96433, 129, 1)
Seconds needed for lapse rate: 0:00:03.466377
#!/usr/bin/env bash

#SBATCH -J WoHEF
#SBATCH -A morsanat
#SBATCH -n 1
#SBATCH --cpus-per-task=20
#SBATCH --mem=56G
#SBATCH -t 00:30:00
#SBATCH --qos=short
#SBATCH --error=Error_nodes.err
#SBATCH --output=Output_nodes.out
#SBATCH --time=01:00:00
#SBATCH --mem='3G'

/data/scratch/richteny/miniconda3/envs/pymc_env/bin/python -m distributed.cli.dask_worker tcp://192.168.1.12:40459 --nthreads 1 --nworkers 20 --memory-limit 2.79GiB --name dummy-name --nanny --death-timeout 60 --local-directory ./logs/dask-worker-space

You are using SLURM!

SLURMCluster(bc7cd4f1, 'tcp://192.168.1.12:40459', workers=0, threads=0, memory=0 B)
------------------------------------------------------------------------
	Starting clients and submitting jobs ...
------------------------------------------------------------------------

SLURMCluster(bc7cd4f1, 'tcp://192.168.1.12:40459', workers=0, threads=0, memory=0 B)
<Client: 'tcp://192.168.1.12:40459' processes=0 threads=0, memory=0 B>
129 140 0
	Time required to do calculations:    4 minutes 31.2179 seconds



------------------------------------------------------------------------
Write results ...
------------------------------------------------------------------------

Compute area weighted MB for 1D case.
time 1: 0:00:00.082046
Geod. MB test.
0.5939464720007469
Time it took to calculate geod. MB  0:00:00.160242
Starting TSL eval.
Time required for resampling of output:  0:00:01.571639
Calculating TSLA using conservative. Normalization is set to True.
Max elev. 3697.2958984375 .
 Min elev. 2417.2958984375
[0. 0. 0. ... 0. 0. 0.]
Time required for calculating TSL only : 0:00:03.960298
Time required for calculating TSL stats:  0:00:00.003765
TSLA Observed vs. Modelled RMSE: 0.16543106948951353; R-squared: 0.3322777450239355
[0.         0.         0.         0.         0.29296875 0.
 0.         0.         0.         0.         0.         0.
 0.05859375 0.         0.         0.         0.00390625 0.21484375
 0.19140625 0.         0.         0.         0.         0.
 0.         0.24609375 0.26171875 0.         0.         0.
 0.         0.         0.29296875 0.         0.         0.
 0.         0.         0.27734375 0.33203125 0.33984375 0.
 0.         0.         0.35546875 0.         0.         0.37109375
 0.         0.         0.         0.         0.         0.
 0.         0.         0.         0.         0.         0.15234375
 0.29296875 0.37109375]
(62,)
Time required for full TSL EVAL:  0:00:05.601141
	Time required to write restart and output files:    0 minutes 5.80733 seconds

	Total run duration:    4 minutes 46.7179 seconds

------------------------------------------------------------------------
	SIMULATION WAS SUCCESSFUL
------------------------------------------------------------------------

Calculated MB is:  0.5939464720007469
Lapse rates are: 0.0 0.0 0.0
Time required to load in opt_dic:  0:00:00.000025
#--------------------------------------#
Starting simulations with the following parameters.
(array(1.665), array(0.25), array(0.84), array(0.555), array(15.55), array(15.55), 1.0, 1, 0.24, 1.7, 4.0)

#--------------------------------------#

 Maximum available time interval from 1999-01-01T00:00 until 2010-01-01T00:00. Time steps: 96433 


--------------------------------------------------------------
	 Integration from 1999-01-01T00:00 to 2010-01-01T00:00
--------------------------------------------------------------

--------------------------------------------------------------
Checking input data .... 

Temperature data (T2) ... ok 
Please check the input data, its seems they are out of range T2 MAX: 295.92 MIN: 235.57 

Relative humidity data (RH2) ... ok 
Shortwave data (G) ... ok 
Please check the input data, its seems they are out of range G MAX: 1915.46 MIN: 0.00 

Wind velocity data (U2) ... ok 
Precipitation data (RRR) ... ok 
Please check the input data, its seems they are out of range Rrr MAX: 61.63 MIN: 0.00 

Cloud cover data (N) ... ok 
Pressure data (PRES) ... ok 
Snowfall data (SNOWFALL) ... ok 
Please check the input data, its seems they are out of range Snowfall MAX: 0.19 MIN: 0.00 


 Glacier gridpoints: 129 




Output dataset ... ok
Restart dataset ... ok 

--------------------------------------------------------------

Time required to init IO, DATA, RESULT, RESTART:  0:00:02.187525
(96433, 129, 1)
Assigning values back to DATA
100.0
0.01591862687473622
(96433, 129, 1)
Seconds needed for lapse rate: 0:00:00.552627
#!/usr/bin/env bash

#SBATCH -J WoHEF
#SBATCH -A morsanat
#SBATCH -n 1
#SBATCH --cpus-per-task=20
#SBATCH --mem=56G
#SBATCH -t 00:30:00
#SBATCH --qos=short
#SBATCH --error=Error_nodes.err
#SBATCH --output=Output_nodes.out
#SBATCH --time=01:00:00
#SBATCH --mem='3G'

/data/scratch/richteny/miniconda3/envs/pymc_env/bin/python -m distributed.cli.dask_worker tcp://192.168.1.12:45293 --nthreads 1 --nworkers 20 --memory-limit 2.79GiB --name dummy-name --nanny --death-timeout 60 --local-directory ./logs/dask-worker-space

You are using SLURM!

SLURMCluster(da24949a, 'tcp://192.168.1.12:45293', workers=0, threads=0, memory=0 B)
------------------------------------------------------------------------
	Starting clients and submitting jobs ...
------------------------------------------------------------------------

SLURMCluster(da24949a, 'tcp://192.168.1.12:45293', workers=0, threads=0, memory=0 B)
<Client: 'tcp://192.168.1.12:45293' processes=0 threads=0, memory=0 B>
129 140 0
	Time required to do calculations:    4 minutes 45.4752 seconds



------------------------------------------------------------------------
Write results ...
------------------------------------------------------------------------

Compute area weighted MB for 1D case.
time 1: 0:00:00.081740
Geod. MB test.
0.5939464720007469
Time it took to calculate geod. MB  0:00:00.162919
Starting TSL eval.
Time required for resampling of output:  0:00:00.381668
Calculating TSLA using conservative. Normalization is set to True.
Max elev. 3697.2958984375 .
 Min elev. 2417.2958984375
[0. 0. 0. ... 0. 0. 0.]
Time required for calculating TSL only : 0:00:00.024283
Time required for calculating TSL stats:  0:00:00.004045
TSLA Observed vs. Modelled RMSE: 0.16543106948951353; R-squared: 0.3322777450239355
[0.         0.         0.         0.         0.29296875 0.
 0.         0.         0.         0.         0.         0.
 0.05859375 0.         0.         0.         0.00390625 0.21484375
 0.19140625 0.         0.         0.         0.         0.
 0.         0.24609375 0.26171875 0.         0.         0.
 0.         0.         0.29296875 0.         0.         0.
 0.         0.         0.27734375 0.33203125 0.33984375 0.
 0.         0.         0.35546875 0.         0.         0.37109375
 0.         0.         0.         0.         0.         0.
 0.         0.         0.         0.         0.         0.15234375
 0.29296875 0.37109375]
(62,)
Time required for full TSL EVAL:  0:00:00.431596
	Time required to write restart and output files:    0 minutes 0.608318 seconds

	Total run duration:    4 minutes 49.1622 seconds

------------------------------------------------------------------------
	SIMULATION WAS SUCCESSFUL
------------------------------------------------------------------------

Calculated MB is:  0.5939464720007469
Lapse rates are: 0.0 0.0 0.0
Time required to load in opt_dic:  0:00:00.000026
#--------------------------------------#
Starting simulations with the following parameters.
(array(1.665), array(0.25), array(0.84), array(0.555), array(15.55), array(15.55), 1.0, 1, 0.24, 1.7, 4.0)

#--------------------------------------#

 Maximum available time interval from 1999-01-01T00:00 until 2010-01-01T00:00. Time steps: 96433 


--------------------------------------------------------------
	 Integration from 1999-01-01T00:00 to 2010-01-01T00:00
--------------------------------------------------------------

--------------------------------------------------------------
Checking input data .... 

Temperature data (T2) ... ok 
Please check the input data, its seems they are out of range T2 MAX: 295.92 MIN: 235.57 

Relative humidity data (RH2) ... ok 
Shortwave data (G) ... ok 
Please check the input data, its seems they are out of range G MAX: 1915.46 MIN: 0.00 

Wind velocity data (U2) ... ok 
Precipitation data (RRR) ... ok 
Please check the input data, its seems they are out of range Rrr MAX: 61.63 MIN: 0.00 

Cloud cover data (N) ... ok 
Pressure data (PRES) ... ok 
Snowfall data (SNOWFALL) ... ok 
Please check the input data, its seems they are out of range Snowfall MAX: 0.19 MIN: 0.00 


 Glacier gridpoints: 129 




Output dataset ... ok
Restart dataset ... ok 

--------------------------------------------------------------

Time required to init IO, DATA, RESULT, RESTART:  0:00:02.611613
(96433, 129, 1)
Assigning values back to DATA
100.0
0.01591862687473622
(96433, 129, 1)
Seconds needed for lapse rate: 0:00:00.550165
#!/usr/bin/env bash

#SBATCH -J WoHEF
#SBATCH -A morsanat
#SBATCH -n 1
#SBATCH --cpus-per-task=20
#SBATCH --mem=56G
#SBATCH -t 00:30:00
#SBATCH --qos=short
#SBATCH --error=Error_nodes.err
#SBATCH --output=Output_nodes.out
#SBATCH --time=01:00:00
#SBATCH --mem='3G'

/data/scratch/richteny/miniconda3/envs/pymc_env/bin/python -m distributed.cli.dask_worker tcp://192.168.1.12:36515 --nthreads 1 --nworkers 20 --memory-limit 2.79GiB --name dummy-name --nanny --death-timeout 60 --local-directory ./logs/dask-worker-space

You are using SLURM!

SLURMCluster(29b492f1, 'tcp://192.168.1.12:36515', workers=0, threads=0, memory=0 B)
------------------------------------------------------------------------
	Starting clients and submitting jobs ...
------------------------------------------------------------------------

SLURMCluster(29b492f1, 'tcp://192.168.1.12:36515', workers=0, threads=0, memory=0 B)
<Client: 'tcp://192.168.1.12:36515' processes=0 threads=0, memory=0 B>
129 140 0
	Time required to do calculations:    4 minutes 24.8404 seconds



------------------------------------------------------------------------
Write results ...
------------------------------------------------------------------------

Compute area weighted MB for 1D case.
time 1: 0:00:00.080034
Geod. MB test.
0.5939464720007469
Time it took to calculate geod. MB  0:00:00.159937
Starting TSL eval.
Time required for resampling of output:  0:00:00.384524
Calculating TSLA using conservative. Normalization is set to True.
Max elev. 3697.2958984375 .
 Min elev. 2417.2958984375
[0. 0. 0. ... 0. 0. 0.]
Time required for calculating TSL only : 0:00:00.024052
Time required for calculating TSL stats:  0:00:00.003313
TSLA Observed vs. Modelled RMSE: 0.16543106948951353; R-squared: 0.3322777450239355
[0.         0.         0.         0.         0.29296875 0.
 0.         0.         0.         0.         0.         0.
 0.05859375 0.         0.         0.         0.00390625 0.21484375
 0.19140625 0.         0.         0.         0.         0.
 0.         0.24609375 0.26171875 0.         0.         0.
 0.         0.         0.29296875 0.         0.         0.
 0.         0.         0.27734375 0.33203125 0.33984375 0.
 0.         0.         0.35546875 0.         0.         0.37109375
 0.         0.         0.         0.         0.         0.
 0.         0.         0.         0.         0.         0.15234375
 0.29296875 0.37109375]
(62,)
Time required for full TSL EVAL:  0:00:00.432626
	Time required to write restart and output files:    0 minutes 0.603212 seconds

	Total run duration:    4 minutes 28.9642 seconds

------------------------------------------------------------------------
	SIMULATION WAS SUCCESSFUL
------------------------------------------------------------------------

Calculated MB is:  0.5939464720007469
Lapse rates are: 0.0 0.0 0.0
Time required to load in opt_dic:  0:00:00.000020
#--------------------------------------#
Starting simulations with the following parameters.
(array(1.665), array(0.25), array(0.84), array(0.555), array(15.55), array(15.55), 1.0, 1, 0.24, 1.7, 4.0)

#--------------------------------------#

 Maximum available time interval from 1999-01-01T00:00 until 2010-01-01T00:00. Time steps: 96433 


--------------------------------------------------------------
	 Integration from 1999-01-01T00:00 to 2010-01-01T00:00
--------------------------------------------------------------

--------------------------------------------------------------
Checking input data .... 

Temperature data (T2) ... ok 
Please check the input data, its seems they are out of range T2 MAX: 295.92 MIN: 235.57 

Relative humidity data (RH2) ... ok 
Shortwave data (G) ... ok 
Please check the input data, its seems they are out of range G MAX: 1915.46 MIN: 0.00 

Wind velocity data (U2) ... ok 
Precipitation data (RRR) ... ok 
Please check the input data, its seems they are out of range Rrr MAX: 61.63 MIN: 0.00 

Cloud cover data (N) ... ok 
Pressure data (PRES) ... ok 
Snowfall data (SNOWFALL) ... ok 
Please check the input data, its seems they are out of range Snowfall MAX: 0.19 MIN: 0.00 


 Glacier gridpoints: 129 




Output dataset ... ok
Restart dataset ... ok 

--------------------------------------------------------------

Time required to init IO, DATA, RESULT, RESTART:  0:00:02.419935
(96433, 129, 1)
Assigning values back to DATA
100.0
0.01591862687473622
(96433, 129, 1)
Seconds needed for lapse rate: 0:00:00.550532
#!/usr/bin/env bash

#SBATCH -J WoHEF
#SBATCH -A morsanat
#SBATCH -n 1
#SBATCH --cpus-per-task=20
#SBATCH --mem=56G
#SBATCH -t 00:30:00
#SBATCH --qos=short
#SBATCH --error=Error_nodes.err
#SBATCH --output=Output_nodes.out
#SBATCH --time=01:00:00
#SBATCH --mem='3G'

/data/scratch/richteny/miniconda3/envs/pymc_env/bin/python -m distributed.cli.dask_worker tcp://192.168.1.12:38161 --nthreads 1 --nworkers 20 --memory-limit 2.79GiB --name dummy-name --nanny --death-timeout 60 --local-directory ./logs/dask-worker-space

You are using SLURM!

SLURMCluster(a818077d, 'tcp://192.168.1.12:38161', workers=0, threads=0, memory=0 B)
------------------------------------------------------------------------
	Starting clients and submitting jobs ...
------------------------------------------------------------------------

SLURMCluster(a818077d, 'tcp://192.168.1.12:38161', workers=0, threads=0, memory=0 B)
<Client: 'tcp://192.168.1.12:38161' processes=0 threads=0, memory=0 B>
129 140 0
	Time required to do calculations:    4 minutes 25.6341 seconds



------------------------------------------------------------------------
Write results ...
------------------------------------------------------------------------

Compute area weighted MB for 1D case.
time 1: 0:00:00.083276
Geod. MB test.
0.5939464720007469
Time it took to calculate geod. MB  0:00:00.162573
Starting TSL eval.
Time required for resampling of output:  0:00:00.382657
Calculating TSLA using conservative. Normalization is set to True.
Max elev. 3697.2958984375 .
 Min elev. 2417.2958984375
[0. 0. 0. ... 0. 0. 0.]
Time required for calculating TSL only : 0:00:00.023987
Time required for calculating TSL stats:  0:00:00.003191
TSLA Observed vs. Modelled RMSE: 0.16543106948951353; R-squared: 0.3322777450239355
[0.         0.         0.         0.         0.29296875 0.
 0.         0.         0.         0.         0.         0.
 0.05859375 0.         0.         0.         0.00390625 0.21484375
 0.19140625 0.         0.         0.         0.         0.
 0.         0.24609375 0.26171875 0.         0.         0.
 0.         0.         0.29296875 0.         0.         0.
 0.         0.         0.27734375 0.33203125 0.33984375 0.
 0.         0.         0.35546875 0.         0.         0.37109375
 0.         0.         0.         0.         0.         0.
 0.         0.         0.         0.         0.         0.15234375
 0.29296875 0.37109375]
(62,)
Time required for full TSL EVAL:  0:00:00.431344
	Time required to write restart and output files:    0 minutes 0.604193 seconds

	Total run duration:    4 minutes 29.5509 seconds

------------------------------------------------------------------------
	SIMULATION WAS SUCCESSFUL
------------------------------------------------------------------------

Calculated MB is:  0.5939464720007469
Lapse rates are: 0.0 0.0 0.0
Time required to load in opt_dic:  0:00:00.000018
#--------------------------------------#
Starting simulations with the following parameters.
(array(1.665), array(0.25), array(0.84), array(0.555), array(15.55), array(15.55), 1.0, 1, 0.24, 1.7, 4.0)

#--------------------------------------#

 Maximum available time interval from 1999-01-01T00:00 until 2010-01-01T00:00. Time steps: 96433 


--------------------------------------------------------------
	 Integration from 1999-01-01T00:00 to 2010-01-01T00:00
--------------------------------------------------------------

--------------------------------------------------------------
Checking input data .... 

Temperature data (T2) ... ok 
Please check the input data, its seems they are out of range T2 MAX: 295.92 MIN: 235.57 

Relative humidity data (RH2) ... ok 
Shortwave data (G) ... ok 
Please check the input data, its seems they are out of range G MAX: 1915.46 MIN: 0.00 

Wind velocity data (U2) ... ok 
Precipitation data (RRR) ... ok 
Please check the input data, its seems they are out of range Rrr MAX: 61.63 MIN: 0.00 

Cloud cover data (N) ... ok 
Pressure data (PRES) ... ok 
Snowfall data (SNOWFALL) ... ok 
Please check the input data, its seems they are out of range Snowfall MAX: 0.19 MIN: 0.00 


 Glacier gridpoints: 129 




Output dataset ... ok
Restart dataset ... ok 

--------------------------------------------------------------

Time required to init IO, DATA, RESULT, RESTART:  0:00:02.727127
(96433, 129, 1)
Assigning values back to DATA
100.0
0.01591862687473622
(96433, 129, 1)
Seconds needed for lapse rate: 0:00:00.550004
#!/usr/bin/env bash

#SBATCH -J WoHEF
#SBATCH -A morsanat
#SBATCH -n 1
#SBATCH --cpus-per-task=20
#SBATCH --mem=56G
#SBATCH -t 00:30:00
#SBATCH --qos=short
#SBATCH --error=Error_nodes.err
#SBATCH --output=Output_nodes.out
#SBATCH --time=01:00:00
#SBATCH --mem='3G'

/data/scratch/richteny/miniconda3/envs/pymc_env/bin/python -m distributed.cli.dask_worker tcp://192.168.1.12:37921 --nthreads 1 --nworkers 20 --memory-limit 2.79GiB --name dummy-name --nanny --death-timeout 60 --local-directory ./logs/dask-worker-space

You are using SLURM!

SLURMCluster(51d7f6c5, 'tcp://192.168.1.12:37921', workers=0, threads=0, memory=0 B)
------------------------------------------------------------------------
	Starting clients and submitting jobs ...
------------------------------------------------------------------------

SLURMCluster(51d7f6c5, 'tcp://192.168.1.12:37921', workers=0, threads=0, memory=0 B)
<Client: 'tcp://192.168.1.12:37921' processes=0 threads=0, memory=0 B>
129 140 0
	Time required to do calculations:    4 minutes 29.8868 seconds



------------------------------------------------------------------------
Write results ...
------------------------------------------------------------------------

Compute area weighted MB for 1D case.
time 1: 0:00:00.082980
Geod. MB test.
0.5939464720007469
Time it took to calculate geod. MB  0:00:00.163119
Starting TSL eval.
Time required for resampling of output:  0:00:00.384822
Calculating TSLA using conservative. Normalization is set to True.
Max elev. 3697.2958984375 .
 Min elev. 2417.2958984375
[0. 0. 0. ... 0. 0. 0.]
Time required for calculating TSL only : 0:00:00.024091
Time required for calculating TSL stats:  0:00:00.003170
TSLA Observed vs. Modelled RMSE: 0.16543106948951353; R-squared: 0.3322777450239355
[0.         0.         0.         0.         0.29296875 0.
 0.         0.         0.         0.         0.         0.
 0.05859375 0.         0.         0.         0.00390625 0.21484375
 0.19140625 0.         0.         0.         0.         0.
 0.         0.24609375 0.26171875 0.         0.         0.
 0.         0.         0.29296875 0.         0.         0.
 0.         0.         0.27734375 0.33203125 0.33984375 0.
 0.         0.         0.35546875 0.         0.         0.37109375
 0.         0.         0.         0.         0.         0.
 0.         0.         0.         0.         0.         0.15234375
 0.29296875 0.37109375]
(62,)
Time required for full TSL EVAL:  0:00:00.431976
	Time required to write restart and output files:    0 minutes 0.605783 seconds

	Total run duration:    4 minutes 34.1144 seconds

------------------------------------------------------------------------
	SIMULATION WAS SUCCESSFUL
------------------------------------------------------------------------

Calculated MB is:  0.5939464720007469
Lapse rates are: 0.0 0.0 0.0
Time required to load in opt_dic:  0:00:00.000019
#--------------------------------------#
Starting simulations with the following parameters.
(array(1.665), array(0.25), array(0.84), array(0.555), array(15.55), array(15.55), 1.0, 1, 0.24, 1.7, 4.0)

#--------------------------------------#

 Maximum available time interval from 1999-01-01T00:00 until 2010-01-01T00:00. Time steps: 96433 


--------------------------------------------------------------
	 Integration from 1999-01-01T00:00 to 2010-01-01T00:00
--------------------------------------------------------------

--------------------------------------------------------------
Checking input data .... 

Temperature data (T2) ... ok 
Please check the input data, its seems they are out of range T2 MAX: 295.92 MIN: 235.57 

Relative humidity data (RH2) ... ok 
Shortwave data (G) ... ok 
Please check the input data, its seems they are out of range G MAX: 1915.46 MIN: 0.00 

Wind velocity data (U2) ... ok 
Precipitation data (RRR) ... ok 
Please check the input data, its seems they are out of range Rrr MAX: 61.63 MIN: 0.00 

Cloud cover data (N) ... ok 
Pressure data (PRES) ... ok 
Snowfall data (SNOWFALL) ... ok 
Please check the input data, its seems they are out of range Snowfall MAX: 0.19 MIN: 0.00 


 Glacier gridpoints: 129 




Output dataset ... ok
Restart dataset ... ok 

--------------------------------------------------------------

Time required to init IO, DATA, RESULT, RESTART:  0:00:01.850645
(96433, 129, 1)
Assigning values back to DATA
100.0
0.01591862687473622
(96433, 129, 1)
Seconds needed for lapse rate: 0:00:00.549813
#!/usr/bin/env bash

#SBATCH -J WoHEF
#SBATCH -A morsanat
#SBATCH -n 1
#SBATCH --cpus-per-task=20
#SBATCH --mem=56G
#SBATCH -t 00:30:00
#SBATCH --qos=short
#SBATCH --error=Error_nodes.err
#SBATCH --output=Output_nodes.out
#SBATCH --time=01:00:00
#SBATCH --mem='3G'

/data/scratch/richteny/miniconda3/envs/pymc_env/bin/python -m distributed.cli.dask_worker tcp://192.168.1.12:41127 --nthreads 1 --nworkers 20 --memory-limit 2.79GiB --name dummy-name --nanny --death-timeout 60 --local-directory ./logs/dask-worker-space

You are using SLURM!

SLURMCluster(d49e38dd, 'tcp://192.168.1.12:41127', workers=0, threads=0, memory=0 B)
------------------------------------------------------------------------
	Starting clients and submitting jobs ...
------------------------------------------------------------------------

SLURMCluster(d49e38dd, 'tcp://192.168.1.12:41127', workers=0, threads=0, memory=0 B)
<Client: 'tcp://192.168.1.12:41127' processes=0 threads=0, memory=0 B>
129 140 0
	Time required to do calculations:    4 minutes 19.7872 seconds



------------------------------------------------------------------------
Write results ...
------------------------------------------------------------------------

Compute area weighted MB for 1D case.
time 1: 0:00:00.082400
Geod. MB test.
0.5939464720007469
Time it took to calculate geod. MB  0:00:00.159538
Starting TSL eval.
Time required for resampling of output:  0:00:00.378754
Calculating TSLA using conservative. Normalization is set to True.
Max elev. 3697.2958984375 .
 Min elev. 2417.2958984375
[0. 0. 0. ... 0. 0. 0.]
Time required for calculating TSL only : 0:00:00.023897
Time required for calculating TSL stats:  0:00:00.003145
TSLA Observed vs. Modelled RMSE: 0.16543106948951353; R-squared: 0.3322777450239355
[0.         0.         0.         0.         0.29296875 0.
 0.         0.         0.         0.         0.         0.
 0.05859375 0.         0.         0.         0.00390625 0.21484375
 0.19140625 0.         0.         0.         0.         0.
 0.         0.24609375 0.26171875 0.         0.         0.
 0.         0.         0.29296875 0.         0.         0.
 0.         0.         0.27734375 0.33203125 0.33984375 0.
 0.         0.         0.35546875 0.         0.         0.37109375
 0.         0.         0.         0.         0.         0.
 0.         0.         0.         0.         0.         0.15234375
 0.29296875 0.37109375]
(62,)
Time required for full TSL EVAL:  0:00:00.426259
	Time required to write restart and output files:    0 minutes 0.595828 seconds

	Total run duration:    4 minutes 23.1297 seconds

------------------------------------------------------------------------
	SIMULATION WAS SUCCESSFUL
------------------------------------------------------------------------

Calculated MB is:  0.5939464720007469
Lapse rates are: 0.0 0.0 0.0
Time required to load in opt_dic:  0:00:00.000019
#--------------------------------------#
Starting simulations with the following parameters.
(array(1.665), array(0.25), array(0.84), array(0.555), array(15.55), array(15.55), 1.0, 1, 0.24, 1.7, 4.0)

#--------------------------------------#

 Maximum available time interval from 1999-01-01T00:00 until 2010-01-01T00:00. Time steps: 96433 


--------------------------------------------------------------
	 Integration from 1999-01-01T00:00 to 2010-01-01T00:00
--------------------------------------------------------------

--------------------------------------------------------------
Checking input data .... 

Temperature data (T2) ... ok 
Please check the input data, its seems they are out of range T2 MAX: 295.92 MIN: 235.57 

Relative humidity data (RH2) ... ok 
Shortwave data (G) ... ok 
Please check the input data, its seems they are out of range G MAX: 1915.46 MIN: 0.00 

Wind velocity data (U2) ... ok 
Precipitation data (RRR) ... ok 
Please check the input data, its seems they are out of range Rrr MAX: 61.63 MIN: 0.00 

Cloud cover data (N) ... ok 
Pressure data (PRES) ... ok 
Snowfall data (SNOWFALL) ... ok 
Please check the input data, its seems they are out of range Snowfall MAX: 0.19 MIN: 0.00 


 Glacier gridpoints: 129 




Output dataset ... ok
Restart dataset ... ok 

--------------------------------------------------------------

Time required to init IO, DATA, RESULT, RESTART:  0:00:01.889170
(96433, 129, 1)
Assigning values back to DATA
100.0
0.01591862687473622
(96433, 129, 1)
Seconds needed for lapse rate: 0:00:00.552126
#!/usr/bin/env bash

#SBATCH -J WoHEF
#SBATCH -A morsanat
#SBATCH -n 1
#SBATCH --cpus-per-task=20
#SBATCH --mem=56G
#SBATCH -t 00:30:00
#SBATCH --qos=short
#SBATCH --error=Error_nodes.err
#SBATCH --output=Output_nodes.out
#SBATCH --time=01:00:00
#SBATCH --mem='3G'

/data/scratch/richteny/miniconda3/envs/pymc_env/bin/python -m distributed.cli.dask_worker tcp://192.168.1.12:38883 --nthreads 1 --nworkers 20 --memory-limit 2.79GiB --name dummy-name --nanny --death-timeout 60 --local-directory ./logs/dask-worker-space

You are using SLURM!

SLURMCluster(121645e8, 'tcp://192.168.1.12:38883', workers=0, threads=0, memory=0 B)
------------------------------------------------------------------------
	Starting clients and submitting jobs ...
------------------------------------------------------------------------

SLURMCluster(121645e8, 'tcp://192.168.1.12:38883', workers=0, threads=0, memory=0 B)
<Client: 'tcp://192.168.1.12:38883' processes=0 threads=0, memory=0 B>
129 140 0
	Time required to do calculations:    4 minutes 28.4605 seconds



------------------------------------------------------------------------
Write results ...
------------------------------------------------------------------------

Compute area weighted MB for 1D case.
time 1: 0:00:00.084285
Geod. MB test.
0.5939464720007469
Time it took to calculate geod. MB  0:00:00.163639
Starting TSL eval.
Time required for resampling of output:  0:00:00.387713
Calculating TSLA using conservative. Normalization is set to True.
Max elev. 3697.2958984375 .
 Min elev. 2417.2958984375
[0. 0. 0. ... 0. 0. 0.]
Time required for calculating TSL only : 0:00:00.023886
Time required for calculating TSL stats:  0:00:00.002943
TSLA Observed vs. Modelled RMSE: 0.16543106948951353; R-squared: 0.3322777450239355
[0.         0.         0.         0.         0.29296875 0.
 0.         0.         0.         0.         0.         0.
 0.05859375 0.         0.         0.         0.00390625 0.21484375
 0.19140625 0.         0.         0.         0.         0.
 0.         0.24609375 0.26171875 0.         0.         0.
 0.         0.         0.29296875 0.         0.         0.
 0.         0.         0.27734375 0.33203125 0.33984375 0.
 0.         0.         0.35546875 0.         0.         0.37109375
 0.         0.         0.         0.         0.         0.
 0.         0.         0.         0.         0.         0.15234375
 0.29296875 0.37109375]
(62,)
Time required for full TSL EVAL:  0:00:00.434373
	Time required to write restart and output files:    0 minutes 0.607962 seconds

	Total run duration:    4 minutes 31.838 seconds

------------------------------------------------------------------------
	SIMULATION WAS SUCCESSFUL
------------------------------------------------------------------------

Calculated MB is:  0.5939464720007469
Lapse rates are: 0.0 0.0 0.0
Time required to load in opt_dic:  0:00:00.000025
#--------------------------------------#
Starting simulations with the following parameters.
(array(1.665), array(0.25), array(0.84), array(0.555), array(15.55), array(15.55), 1.0, 1, 0.24, 1.7, 4.0)

#--------------------------------------#

 Maximum available time interval from 1999-01-01T00:00 until 2010-01-01T00:00. Time steps: 96433 


--------------------------------------------------------------
	 Integration from 1999-01-01T00:00 to 2010-01-01T00:00
--------------------------------------------------------------

--------------------------------------------------------------
Checking input data .... 

Temperature data (T2) ... ok 
Please check the input data, its seems they are out of range T2 MAX: 295.92 MIN: 235.57 

Relative humidity data (RH2) ... ok 
Shortwave data (G) ... ok 
Please check the input data, its seems they are out of range G MAX: 1915.46 MIN: 0.00 

Wind velocity data (U2) ... ok 
Precipitation data (RRR) ... ok 
Please check the input data, its seems they are out of range Rrr MAX: 61.63 MIN: 0.00 

Cloud cover data (N) ... ok 
Pressure data (PRES) ... ok 
Snowfall data (SNOWFALL) ... ok 
Please check the input data, its seems they are out of range Snowfall MAX: 0.19 MIN: 0.00 


 Glacier gridpoints: 129 




Output dataset ... ok
Restart dataset ... ok 

--------------------------------------------------------------

Time required to init IO, DATA, RESULT, RESTART:  0:00:01.902761
(96433, 129, 1)
Assigning values back to DATA
100.0
0.01591862687473622
(96433, 129, 1)
Seconds needed for lapse rate: 0:00:00.554057
#!/usr/bin/env bash

#SBATCH -J WoHEF
#SBATCH -A morsanat
#SBATCH -n 1
#SBATCH --cpus-per-task=20
#SBATCH --mem=56G
#SBATCH -t 00:30:00
#SBATCH --qos=short
#SBATCH --error=Error_nodes.err
#SBATCH --output=Output_nodes.out
#SBATCH --time=01:00:00
#SBATCH --mem='3G'

/data/scratch/richteny/miniconda3/envs/pymc_env/bin/python -m distributed.cli.dask_worker tcp://192.168.1.12:40059 --nthreads 1 --nworkers 20 --memory-limit 2.79GiB --name dummy-name --nanny --death-timeout 60 --local-directory ./logs/dask-worker-space

You are using SLURM!

SLURMCluster(2f82232f, 'tcp://192.168.1.12:40059', workers=0, threads=0, memory=0 B)
------------------------------------------------------------------------
	Starting clients and submitting jobs ...
------------------------------------------------------------------------

SLURMCluster(2f82232f, 'tcp://192.168.1.12:40059', workers=0, threads=0, memory=0 B)
<Client: 'tcp://192.168.1.12:40059' processes=0 threads=0, memory=0 B>
129 140 0
	Time required to do calculations:    4 minutes 25.3377 seconds



------------------------------------------------------------------------
Write results ...
------------------------------------------------------------------------

Compute area weighted MB for 1D case.
time 1: 0:00:00.080637
Geod. MB test.
0.5939464720007469
Time it took to calculate geod. MB  0:00:00.157363
Starting TSL eval.
Time required for resampling of output:  0:00:00.377536
Calculating TSLA using conservative. Normalization is set to True.
Max elev. 3697.2958984375 .
 Min elev. 2417.2958984375
[0. 0. 0. ... 0. 0. 0.]
Time required for calculating TSL only : 0:00:00.024137
Time required for calculating TSL stats:  0:00:00.002998
TSLA Observed vs. Modelled RMSE: 0.16543106948951353; R-squared: 0.3322777450239355
[0.         0.         0.         0.         0.29296875 0.
 0.         0.         0.         0.         0.         0.
 0.05859375 0.         0.         0.         0.00390625 0.21484375
 0.19140625 0.         0.         0.         0.         0.
 0.         0.24609375 0.26171875 0.         0.         0.
 0.         0.         0.29296875 0.         0.         0.
 0.         0.         0.27734375 0.33203125 0.33984375 0.
 0.         0.         0.35546875 0.         0.         0.37109375
 0.         0.         0.         0.         0.         0.
 0.         0.         0.         0.         0.         0.15234375
 0.29296875 0.37109375]
(62,)
Time required for full TSL EVAL:  0:00:00.424027
	Time required to write restart and output files:    0 minutes 0.591261 seconds

	Total run duration:    4 minutes 28.7094 seconds

------------------------------------------------------------------------
	SIMULATION WAS SUCCESSFUL
------------------------------------------------------------------------

Calculated MB is:  0.5939464720007469
█ |----------------------------------------| 0.00% [0/1200 00:00<? Sampling chain 0, 0 divergences]Lapse rates are: 0.0 0.0 0.0
Time required to load in opt_dic:  0:00:00.000018
#--------------------------------------#
Starting simulations with the following parameters.
(array(1.66541469), array(0.25006586), array(0.84004951), array(0.55503053), array(15.54349041), array(15.55461444), 1.0, 1, 0.24, 1.7, 4.0)

#--------------------------------------#

 Maximum available time interval from 1999-01-01T00:00 until 2010-01-01T00:00. Time steps: 96433 


--------------------------------------------------------------
	 Integration from 1999-01-01T00:00 to 2010-01-01T00:00
--------------------------------------------------------------

--------------------------------------------------------------
Checking input data .... 

Temperature data (T2) ... ok 
Please check the input data, its seems they are out of range T2 MAX: 295.92 MIN: 235.57 

Relative humidity data (RH2) ... ok 
Shortwave data (G) ... ok 
Please check the input data, its seems they are out of range G MAX: 1915.46 MIN: 0.00 

Wind velocity data (U2) ... ok 
Precipitation data (RRR) ... ok 
Please check the input data, its seems they are out of range Rrr MAX: 61.63 MIN: 0.00 

Cloud cover data (N) ... ok 
Pressure data (PRES) ... ok 
Snowfall data (SNOWFALL) ... ok 
Please check the input data, its seems they are out of range Snowfall MAX: 0.19 MIN: 0.00 


 Glacier gridpoints: 129 




Output dataset ... ok
Restart dataset ... ok 

--------------------------------------------------------------

Time required to init IO, DATA, RESULT, RESTART:  0:00:01.784509
(96433, 129, 1)
Assigning values back to DATA
100.0
0.01591862687473622
(96433, 129, 1)
Seconds needed for lapse rate: 0:00:00.551891
#!/usr/bin/env bash

#SBATCH -J WoHEF
#SBATCH -A morsanat
#SBATCH -n 1
#SBATCH --cpus-per-task=20
#SBATCH --mem=56G
#SBATCH -t 00:30:00
#SBATCH --qos=short
#SBATCH --error=Error_nodes.err
#SBATCH --output=Output_nodes.out
#SBATCH --time=01:00:00
#SBATCH --mem='3G'

/data/scratch/richteny/miniconda3/envs/pymc_env/bin/python -m distributed.cli.dask_worker tcp://192.168.1.12:40671 --nthreads 1 --nworkers 20 --memory-limit 2.79GiB --name dummy-name --nanny --death-timeout 60 --local-directory ./logs/dask-worker-space

You are using SLURM!

SLURMCluster(86278edb, 'tcp://192.168.1.12:40671', workers=0, threads=0, memory=0 B)
------------------------------------------------------------------------
	Starting clients and submitting jobs ...
------------------------------------------------------------------------

SLURMCluster(86278edb, 'tcp://192.168.1.12:40671', workers=0, threads=0, memory=0 B)
<Client: 'tcp://192.168.1.12:40671' processes=0 threads=0, memory=0 B>
129 140 0
	Time required to do calculations:    4 minutes 25.9173 seconds



------------------------------------------------------------------------
Write results ...
------------------------------------------------------------------------

Compute area weighted MB for 1D case.
time 1: 0:00:00.079568
Geod. MB test.
0.5950338827353268
Time it took to calculate geod. MB  0:00:00.155334
Starting TSL eval.
Time required for resampling of output:  0:00:00.380950
Calculating TSLA using conservative. Normalization is set to True.
Max elev. 3697.2958984375 .
 Min elev. 2417.2958984375
[0. 0. 0. ... 0. 0. 0.]
Time required for calculating TSL only : 0:00:00.023744
Time required for calculating TSL stats:  0:00:00.002774
TSLA Observed vs. Modelled RMSE: 0.16559349227473824; R-squared: 0.33108284957581147
[0.         0.         0.         0.         0.29296875 0.
 0.         0.         0.         0.         0.         0.
 0.05859375 0.         0.         0.         0.00390625 0.21484375
 0.19140625 0.         0.         0.         0.         0.
 0.         0.24609375 0.26171875 0.         0.         0.
 0.         0.         0.29296875 0.         0.         0.
 0.         0.         0.26953125 0.33203125 0.33984375 0.
 0.         0.         0.35546875 0.         0.         0.37109375
 0.         0.         0.         0.         0.         0.
 0.         0.         0.         0.         0.         0.15234375
 0.29296875 0.37109375]
(62,)
Time required for full TSL EVAL:  0:00:00.426717
	Time required to write restart and output files:    0 minutes 0.591507 seconds

	Total run duration:    4 minutes 29.1714 seconds

------------------------------------------------------------------------
	SIMULATION WAS SUCCESSFUL
------------------------------------------------------------------------

Calculated MB is:  0.5950338827353268
Lapse rates are: 0.0 0.0 0.0
Time required to load in opt_dic:  0:00:00.000019
#--------------------------------------#
Starting simulations with the following parameters.
(array(1.665), array(0.25), array(0.84), array(0.555), array(15.55), array(15.55), 1.0, 1, 0.24, 1.7, 4.0)

#--------------------------------------#

 Maximum available time interval from 1999-01-01T00:00 until 2010-01-01T00:00. Time steps: 96433 


--------------------------------------------------------------
	 Integration from 1999-01-01T00:00 to 2010-01-01T00:00
--------------------------------------------------------------

--------------------------------------------------------------
Checking input data .... 

Temperature data (T2) ... ok 
Please check the input data, its seems they are out of range T2 MAX: 295.92 MIN: 235.57 

Relative humidity data (RH2) ... ok 
Shortwave data (G) ... ok 
Please check the input data, its seems they are out of range G MAX: 1915.46 MIN: 0.00 

Wind velocity data (U2) ... ok 
Precipitation data (RRR) ... ok 
Please check the input data, its seems they are out of range Rrr MAX: 61.63 MIN: 0.00 

Cloud cover data (N) ... ok 
Pressure data (PRES) ... ok 
Snowfall data (SNOWFALL) ... ok 
Please check the input data, its seems they are out of range Snowfall MAX: 0.19 MIN: 0.00 


 Glacier gridpoints: 129 




Output dataset ... ok
Restart dataset ... ok 

--------------------------------------------------------------

Time required to init IO, DATA, RESULT, RESTART:  0:00:01.741272
(96433, 129, 1)
Assigning values back to DATA
100.0
0.01591862687473622
(96433, 129, 1)
Seconds needed for lapse rate: 0:00:00.552016
#!/usr/bin/env bash

#SBATCH -J WoHEF
#SBATCH -A morsanat
#SBATCH -n 1
#SBATCH --cpus-per-task=20
#SBATCH --mem=56G
#SBATCH -t 00:30:00
#SBATCH --qos=short
#SBATCH --error=Error_nodes.err
#SBATCH --output=Output_nodes.out
#SBATCH --time=01:00:00
#SBATCH --mem='3G'

/data/scratch/richteny/miniconda3/envs/pymc_env/bin/python -m distributed.cli.dask_worker tcp://192.168.1.12:43769 --nthreads 1 --nworkers 20 --memory-limit 2.79GiB --name dummy-name --nanny --death-timeout 60 --local-directory ./logs/dask-worker-space

You are using SLURM!

SLURMCluster(075fd75d, 'tcp://192.168.1.12:43769', workers=0, threads=0, memory=0 B)
------------------------------------------------------------------------
	Starting clients and submitting jobs ...
------------------------------------------------------------------------

SLURMCluster(075fd75d, 'tcp://192.168.1.12:43769', workers=0, threads=0, memory=0 B)
<Client: 'tcp://192.168.1.12:43769' processes=0 threads=0, memory=0 B>
129 140 0
	Time required to do calculations:    4 minutes 27.6631 seconds



------------------------------------------------------------------------
Write results ...
------------------------------------------------------------------------

Compute area weighted MB for 1D case.
time 1: 0:00:00.079028
Geod. MB test.
0.5939464720007469
Time it took to calculate geod. MB  0:00:00.155098
Starting TSL eval.
Time required for resampling of output:  0:00:00.379895
Calculating TSLA using conservative. Normalization is set to True.
Max elev. 3697.2958984375 .
 Min elev. 2417.2958984375
[0. 0. 0. ... 0. 0. 0.]
Time required for calculating TSL only : 0:00:00.023864
Time required for calculating TSL stats:  0:00:00.002777
TSLA Observed vs. Modelled RMSE: 0.16543106948951353; R-squared: 0.3322777450239355
[0.         0.         0.         0.         0.29296875 0.
 0.         0.         0.         0.         0.         0.
 0.05859375 0.         0.         0.         0.00390625 0.21484375
 0.19140625 0.         0.         0.         0.         0.
 0.         0.24609375 0.26171875 0.         0.         0.
 0.         0.         0.29296875 0.         0.         0.
 0.         0.         0.27734375 0.33203125 0.33984375 0.
 0.         0.         0.35546875 0.         0.         0.37109375
 0.         0.         0.         0.         0.         0.
 0.         0.         0.         0.         0.         0.15234375
 0.29296875 0.37109375]
(62,)
Time required for full TSL EVAL:  0:00:00.425651
	Time required to write restart and output files:    0 minutes 0.589903 seconds

	Total run duration:    4 minutes 30.86 seconds

------------------------------------------------------------------------
	SIMULATION WAS SUCCESSFUL
------------------------------------------------------------------------

Calculated MB is:  0.5939464720007469
Lapse rates are: 0.0 0.0 0.0
Time required to load in opt_dic:  0:00:00.000020
#--------------------------------------#
Starting simulations with the following parameters.
(array(1.665), array(0.25), array(0.84), array(0.555), array(15.55), array(15.55), 1.0, 1, 0.24, 1.7, 4.0)

#--------------------------------------#

 Maximum available time interval from 1999-01-01T00:00 until 2010-01-01T00:00. Time steps: 96433 


--------------------------------------------------------------
	 Integration from 1999-01-01T00:00 to 2010-01-01T00:00
--------------------------------------------------------------

--------------------------------------------------------------
Checking input data .... 

Temperature data (T2) ... ok 
Please check the input data, its seems they are out of range T2 MAX: 295.92 MIN: 235.57 

Relative humidity data (RH2) ... ok 
Shortwave data (G) ... ok 
Please check the input data, its seems they are out of range G MAX: 1915.46 MIN: 0.00 

Wind velocity data (U2) ... ok 
Precipitation data (RRR) ... ok 
Please check the input data, its seems they are out of range Rrr MAX: 61.63 MIN: 0.00 

Cloud cover data (N) ... ok 
Pressure data (PRES) ... ok 
Snowfall data (SNOWFALL) ... ok 
Please check the input data, its seems they are out of range Snowfall MAX: 0.19 MIN: 0.00 


 Glacier gridpoints: 129 




Output dataset ... ok
Restart dataset ... ok 

--------------------------------------------------------------

Time required to init IO, DATA, RESULT, RESTART:  0:00:01.864747
(96433, 129, 1)
Assigning values back to DATA
100.0
0.01591862687473622
(96433, 129, 1)
Seconds needed for lapse rate: 0:00:00.550943
#!/usr/bin/env bash

#SBATCH -J WoHEF
#SBATCH -A morsanat
#SBATCH -n 1
#SBATCH --cpus-per-task=20
#SBATCH --mem=56G
#SBATCH -t 00:30:00
#SBATCH --qos=short
#SBATCH --error=Error_nodes.err
#SBATCH --output=Output_nodes.out
#SBATCH --time=01:00:00
#SBATCH --mem='3G'

/data/scratch/richteny/miniconda3/envs/pymc_env/bin/python -m distributed.cli.dask_worker tcp://192.168.1.12:37737 --nthreads 1 --nworkers 20 --memory-limit 2.79GiB --name dummy-name --nanny --death-timeout 60 --local-directory ./logs/dask-worker-space

You are using SLURM!

SLURMCluster(1a1d708c, 'tcp://192.168.1.12:37737', workers=0, threads=0, memory=0 B)
------------------------------------------------------------------------
	Starting clients and submitting jobs ...
------------------------------------------------------------------------

SLURMCluster(1a1d708c, 'tcp://192.168.1.12:37737', workers=0, threads=0, memory=0 B)
<Client: 'tcp://192.168.1.12:37737' processes=0 threads=0, memory=0 B>
129 140 0
	Time required to do calculations:    4 minutes 27.2523 seconds



------------------------------------------------------------------------
Write results ...
------------------------------------------------------------------------

Compute area weighted MB for 1D case.
time 1: 0:00:00.081984
Geod. MB test.
0.5939464720007469
Time it took to calculate geod. MB  0:00:00.158784
Starting TSL eval.
Time required for resampling of output:  0:00:00.383651
Calculating TSLA using conservative. Normalization is set to True.
Max elev. 3697.2958984375 .
 Min elev. 2417.2958984375
[0. 0. 0. ... 0. 0. 0.]
Time required for calculating TSL only : 0:00:00.024007
Time required for calculating TSL stats:  0:00:00.003116
TSLA Observed vs. Modelled RMSE: 0.16543106948951353; R-squared: 0.3322777450239355
[0.         0.         0.         0.         0.29296875 0.
 0.         0.         0.         0.         0.         0.
 0.05859375 0.         0.         0.         0.00390625 0.21484375
 0.19140625 0.         0.         0.         0.         0.
 0.         0.24609375 0.26171875 0.         0.         0.
 0.         0.         0.29296875 0.         0.         0.
 0.         0.         0.27734375 0.33203125 0.33984375 0.
 0.         0.         0.35546875 0.         0.         0.37109375
 0.         0.         0.         0.         0.         0.
 0.         0.         0.         0.         0.         0.15234375
 0.29296875 0.37109375]
(62,)
Time required for full TSL EVAL:  0:00:00.431456
	Time required to write restart and output files:    0 minutes 0.600616 seconds

	Total run duration:    4 minutes 30.6004 seconds

------------------------------------------------------------------------
	SIMULATION WAS SUCCESSFUL
------------------------------------------------------------------------

Calculated MB is:  0.5939464720007469
 |----------------------------------| 0.08% [1/1200 13:30<270:00:15 Sampling chain 0, 0 divergences]Lapse rates are: 0.0 0.0 0.0
Time required to load in opt_dic:  0:00:00.000019
#--------------------------------------#
Starting simulations with the following parameters.
(array(1.66643386), array(0.25003017), array(0.84009213), array(0.55499936), array(15.52993616), array(15.54794545), 1.0, 1, 0.24, 1.7, 4.0)

#--------------------------------------#

 Maximum available time interval from 1999-01-01T00:00 until 2010-01-01T00:00. Time steps: 96433 


--------------------------------------------------------------
	 Integration from 1999-01-01T00:00 to 2010-01-01T00:00
--------------------------------------------------------------

--------------------------------------------------------------
Checking input data .... 

Temperature data (T2) ... ok 
Please check the input data, its seems they are out of range T2 MAX: 295.92 MIN: 235.57 

Relative humidity data (RH2) ... ok 
Shortwave data (G) ... ok 
Please check the input data, its seems they are out of range G MAX: 1915.46 MIN: 0.00 

Wind velocity data (U2) ... ok 
Precipitation data (RRR) ... ok 
Please check the input data, its seems they are out of range Rrr MAX: 61.63 MIN: 0.00 

Cloud cover data (N) ... ok 
Pressure data (PRES) ... ok 
Snowfall data (SNOWFALL) ... ok 
Please check the input data, its seems they are out of range Snowfall MAX: 0.19 MIN: 0.00 


 Glacier gridpoints: 129 




Output dataset ... ok
Restart dataset ... ok 

--------------------------------------------------------------

Time required to init IO, DATA, RESULT, RESTART:  0:00:01.838025
(96433, 129, 1)
Assigning values back to DATA
100.0
0.01591862687473622
(96433, 129, 1)
Seconds needed for lapse rate: 0:00:00.551175
#!/usr/bin/env bash

#SBATCH -J WoHEF
#SBATCH -A morsanat
#SBATCH -n 1
#SBATCH --cpus-per-task=20
#SBATCH --mem=56G
#SBATCH -t 00:30:00
#SBATCH --qos=short
#SBATCH --error=Error_nodes.err
#SBATCH --output=Output_nodes.out
#SBATCH --time=01:00:00
#SBATCH --mem='3G'

/data/scratch/richteny/miniconda3/envs/pymc_env/bin/python -m distributed.cli.dask_worker tcp://192.168.1.12:46749 --nthreads 1 --nworkers 20 --memory-limit 2.79GiB --name dummy-name --nanny --death-timeout 60 --local-directory ./logs/dask-worker-space

You are using SLURM!

SLURMCluster(a2cc9373, 'tcp://192.168.1.12:46749', workers=0, threads=0, memory=0 B)
------------------------------------------------------------------------
	Starting clients and submitting jobs ...
------------------------------------------------------------------------

SLURMCluster(a2cc9373, 'tcp://192.168.1.12:46749', workers=0, threads=0, memory=0 B)
<Client: 'tcp://192.168.1.12:46749' processes=0 threads=0, memory=0 B>
129 140 0
	Time required to do calculations:    4 minutes 26.8966 seconds



------------------------------------------------------------------------
Write results ...
------------------------------------------------------------------------

Compute area weighted MB for 1D case.
time 1: 0:00:00.080157
Geod. MB test.
0.5982929298998103
Time it took to calculate geod. MB  0:00:00.157034
Starting TSL eval.
Time required for resampling of output:  0:00:00.381039
Calculating TSLA using conservative. Normalization is set to True.
Max elev. 3697.2958984375 .
 Min elev. 2417.2958984375
[0. 0. 0. ... 0. 0. 0.]
Time required for calculating TSL only : 0:00:00.024145
Time required for calculating TSL stats:  0:00:00.003019
TSLA Observed vs. Modelled RMSE: 0.16575560811868267; R-squared: 0.3300822875401453
[0.         0.         0.         0.         0.29296875 0.
 0.         0.         0.         0.         0.         0.
 0.05859375 0.         0.         0.         0.00390625 0.21484375
 0.19140625 0.         0.         0.         0.         0.
 0.         0.24609375 0.26171875 0.         0.         0.
 0.         0.         0.29296875 0.         0.         0.
 0.         0.         0.26953125 0.33203125 0.33984375 0.
 0.         0.         0.35546875 0.         0.         0.37109375
 0.         0.         0.         0.         0.         0.
 0.         0.         0.         0.         0.         0.14453125
 0.29296875 0.37109375]
(62,)
Time required for full TSL EVAL:  0:00:00.429293
	Time required to write restart and output files:    0 minutes 0.596702 seconds

	Total run duration:    4 minutes 30.2316 seconds

------------------------------------------------------------------------
	SIMULATION WAS SUCCESSFUL
------------------------------------------------------------------------

Calculated MB is:  0.5982929298998103
Lapse rates are: 0.0 0.0 0.0
Time required to load in opt_dic:  0:00:00.000018
#--------------------------------------#
Starting simulations with the following parameters.
(array(1.665), array(0.25), array(0.84), array(0.555), array(15.55), array(15.55), 1.0, 1, 0.24, 1.7, 4.0)

#--------------------------------------#

 Maximum available time interval from 1999-01-01T00:00 until 2010-01-01T00:00. Time steps: 96433 


--------------------------------------------------------------
	 Integration from 1999-01-01T00:00 to 2010-01-01T00:00
--------------------------------------------------------------

--------------------------------------------------------------
Checking input data .... 

Temperature data (T2) ... ok 
Please check the input data, its seems they are out of range T2 MAX: 295.92 MIN: 235.57 

Relative humidity data (RH2) ... ok 
Shortwave data (G) ... ok 
Please check the input data, its seems they are out of range G MAX: 1915.46 MIN: 0.00 

Wind velocity data (U2) ... ok 
Precipitation data (RRR) ... ok 
Please check the input data, its seems they are out of range Rrr MAX: 61.63 MIN: 0.00 

Cloud cover data (N) ... ok 
Pressure data (PRES) ... ok 
Snowfall data (SNOWFALL) ... ok 
Please check the input data, its seems they are out of range Snowfall MAX: 0.19 MIN: 0.00 


 Glacier gridpoints: 129 




Output dataset ... ok
Restart dataset ... ok 

--------------------------------------------------------------

Time required to init IO, DATA, RESULT, RESTART:  0:00:02.788820
(96433, 129, 1)
Assigning values back to DATA
100.0
0.01591862687473622
(96433, 129, 1)
Seconds needed for lapse rate: 0:00:00.551224
#!/usr/bin/env bash

#SBATCH -J WoHEF
#SBATCH -A morsanat
#SBATCH -n 1
#SBATCH --cpus-per-task=20
#SBATCH --mem=56G
#SBATCH -t 00:30:00
#SBATCH --qos=short
#SBATCH --error=Error_nodes.err
#SBATCH --output=Output_nodes.out
#SBATCH --time=01:00:00
#SBATCH --mem='3G'

/data/scratch/richteny/miniconda3/envs/pymc_env/bin/python -m distributed.cli.dask_worker tcp://192.168.1.12:44229 --nthreads 1 --nworkers 20 --memory-limit 2.79GiB --name dummy-name --nanny --death-timeout 60 --local-directory ./logs/dask-worker-space

You are using SLURM!

SLURMCluster(de5b15c6, 'tcp://192.168.1.12:44229', workers=0, threads=0, memory=0 B)
------------------------------------------------------------------------
	Starting clients and submitting jobs ...
------------------------------------------------------------------------

SLURMCluster(de5b15c6, 'tcp://192.168.1.12:44229', workers=0, threads=0, memory=0 B)
<Client: 'tcp://192.168.1.12:44229' processes=0 threads=0, memory=0 B>
129 140 0
	Time required to do calculations:    4 minutes 41.223 seconds



------------------------------------------------------------------------
Write results ...
------------------------------------------------------------------------

Compute area weighted MB for 1D case.
time 1: 0:00:00.084416
Geod. MB test.
0.5939464720007469
Time it took to calculate geod. MB  0:00:00.161473
Starting TSL eval.
Time required for resampling of output:  0:00:00.388423
Calculating TSLA using conservative. Normalization is set to True.
Max elev. 3697.2958984375 .
 Min elev. 2417.2958984375
[0. 0. 0. ... 0. 0. 0.]
Time required for calculating TSL only : 0:00:00.023813
Time required for calculating TSL stats:  0:00:00.002882
TSLA Observed vs. Modelled RMSE: 0.16543106948951353; R-squared: 0.3322777450239355
[0.         0.         0.         0.         0.29296875 0.
 0.         0.         0.         0.         0.         0.
 0.05859375 0.         0.         0.         0.00390625 0.21484375
 0.19140625 0.         0.         0.         0.         0.
 0.         0.24609375 0.26171875 0.         0.         0.
 0.         0.         0.29296875 0.         0.         0.
 0.         0.         0.27734375 0.33203125 0.33984375 0.
 0.         0.         0.35546875 0.         0.         0.37109375
 0.         0.         0.         0.         0.         0.
 0.         0.         0.         0.         0.         0.15234375
 0.29296875 0.37109375]
(62,)
Time required for full TSL EVAL:  0:00:00.434944
	Time required to write restart and output files:    0 minutes 0.607093 seconds

	Total run duration:    4 minutes 45.5382 seconds

------------------------------------------------------------------------
	SIMULATION WAS SUCCESSFUL
------------------------------------------------------------------------

Calculated MB is:  0.5939464720007469
Lapse rates are: 0.0 0.0 0.0
Time required to load in opt_dic:  0:00:00.000020
#--------------------------------------#
Starting simulations with the following parameters.
(array(1.665), array(0.25), array(0.84), array(0.555), array(15.55), array(15.55), 1.0, 1, 0.24, 1.7, 4.0)

#--------------------------------------#

 Maximum available time interval from 1999-01-01T00:00 until 2010-01-01T00:00. Time steps: 96433 


--------------------------------------------------------------
	 Integration from 1999-01-01T00:00 to 2010-01-01T00:00
--------------------------------------------------------------

--------------------------------------------------------------
Checking input data .... 

Temperature data (T2) ... ok 
Please check the input data, its seems they are out of range T2 MAX: 295.92 MIN: 235.57 

Relative humidity data (RH2) ... ok 
Shortwave data (G) ... ok 
Please check the input data, its seems they are out of range G MAX: 1915.46 MIN: 0.00 

Wind velocity data (U2) ... ok 
Precipitation data (RRR) ... ok 
Please check the input data, its seems they are out of range Rrr MAX: 61.63 MIN: 0.00 

Cloud cover data (N) ... ok 
Pressure data (PRES) ... ok 
Snowfall data (SNOWFALL) ... ok 
Please check the input data, its seems they are out of range Snowfall MAX: 0.19 MIN: 0.00 


 Glacier gridpoints: 129 




Output dataset ... ok
Restart dataset ... ok 

--------------------------------------------------------------

Time required to init IO, DATA, RESULT, RESTART:  0:00:01.799073
(96433, 129, 1)
Assigning values back to DATA
100.0
0.01591862687473622
(96433, 129, 1)
Seconds needed for lapse rate: 0:00:00.553053
#!/usr/bin/env bash

#SBATCH -J WoHEF
#SBATCH -A morsanat
#SBATCH -n 1
#SBATCH --cpus-per-task=20
#SBATCH --mem=56G
#SBATCH -t 00:30:00
#SBATCH --qos=short
#SBATCH --error=Error_nodes.err
#SBATCH --output=Output_nodes.out
#SBATCH --time=01:00:00
#SBATCH --mem='3G'

/data/scratch/richteny/miniconda3/envs/pymc_env/bin/python -m distributed.cli.dask_worker tcp://192.168.1.12:45017 --nthreads 1 --nworkers 20 --memory-limit 2.79GiB --name dummy-name --nanny --death-timeout 60 --local-directory ./logs/dask-worker-space

You are using SLURM!

SLURMCluster(8a701c99, 'tcp://192.168.1.12:45017', workers=0, threads=0, memory=0 B)
------------------------------------------------------------------------
	Starting clients and submitting jobs ...
------------------------------------------------------------------------

SLURMCluster(8a701c99, 'tcp://192.168.1.12:45017', workers=0, threads=0, memory=0 B)
<Client: 'tcp://192.168.1.12:45017' processes=0 threads=0, memory=0 B>
129 140 0
	Time required to do calculations:    4 minutes 19.5863 seconds



------------------------------------------------------------------------
Write results ...
------------------------------------------------------------------------

Compute area weighted MB for 1D case.
time 1: 0:00:00.079905
Geod. MB test.
0.5939464720007469
Time it took to calculate geod. MB  0:00:00.155700
Starting TSL eval.
Time required for resampling of output:  0:00:00.381851
Calculating TSLA using conservative. Normalization is set to True.
Max elev. 3697.2958984375 .
 Min elev. 2417.2958984375
[0. 0. 0. ... 0. 0. 0.]
Time required for calculating TSL only : 0:00:00.024022
Time required for calculating TSL stats:  0:00:00.002881
TSLA Observed vs. Modelled RMSE: 0.16543106948951353; R-squared: 0.3322777450239355
[0.         0.         0.         0.         0.29296875 0.
 0.         0.         0.         0.         0.         0.
 0.05859375 0.         0.         0.         0.00390625 0.21484375
 0.19140625 0.         0.         0.         0.         0.
 0.         0.24609375 0.26171875 0.         0.         0.
 0.         0.         0.29296875 0.         0.         0.
 0.         0.         0.27734375 0.33203125 0.33984375 0.
 0.         0.         0.35546875 0.         0.         0.37109375
 0.         0.         0.         0.         0.         0.
 0.         0.         0.         0.         0.         0.15234375
 0.29296875 0.37109375]
(62,)
Time required for full TSL EVAL:  0:00:00.428492
	Time required to write restart and output files:    0 minutes 0.594211 seconds

	Total run duration:    4 minutes 22.8723 seconds

------------------------------------------------------------------------
	SIMULATION WAS SUCCESSFUL
------------------------------------------------------------------------

Calculated MB is:  0.5939464720007469
 |----------------------------------| 0.17% [2/1200 27:09<271:06:47 Sampling chain 0, 0 divergences]Lapse rates are: 0.0 0.0 0.0
Time required to load in opt_dic:  0:00:00.000019
#--------------------------------------#
Starting simulations with the following parameters.
(array(1.66532241), array(0.25001037), array(0.83996614), array(0.55501834), array(15.55160819), array(15.54657432), 1.0, 1, 0.24, 1.7, 4.0)

#--------------------------------------#

 Maximum available time interval from 1999-01-01T00:00 until 2010-01-01T00:00. Time steps: 96433 


--------------------------------------------------------------
	 Integration from 1999-01-01T00:00 to 2010-01-01T00:00
--------------------------------------------------------------

--------------------------------------------------------------
Checking input data .... 

Temperature data (T2) ... ok 
Please check the input data, its seems they are out of range T2 MAX: 295.92 MIN: 235.57 

Relative humidity data (RH2) ... ok 
Shortwave data (G) ... ok 
Please check the input data, its seems they are out of range G MAX: 1915.46 MIN: 0.00 

Wind velocity data (U2) ... ok 
Precipitation data (RRR) ... ok 
Please check the input data, its seems they are out of range Rrr MAX: 61.63 MIN: 0.00 

Cloud cover data (N) ... ok 
Pressure data (PRES) ... ok 
Snowfall data (SNOWFALL) ... ok 
Please check the input data, its seems they are out of range Snowfall MAX: 0.19 MIN: 0.00 


 Glacier gridpoints: 129 




Output dataset ... ok
Restart dataset ... ok 

--------------------------------------------------------------

Time required to init IO, DATA, RESULT, RESTART:  0:00:01.718327
(96433, 129, 1)
Assigning values back to DATA
100.0
0.01591862687473622
(96433, 129, 1)
Seconds needed for lapse rate: 0:00:00.551517
#!/usr/bin/env bash

#SBATCH -J WoHEF
#SBATCH -A morsanat
#SBATCH -n 1
#SBATCH --cpus-per-task=20
#SBATCH --mem=56G
#SBATCH -t 00:30:00
#SBATCH --qos=short
#SBATCH --error=Error_nodes.err
#SBATCH --output=Output_nodes.out
#SBATCH --time=01:00:00
#SBATCH --mem='3G'

/data/scratch/richteny/miniconda3/envs/pymc_env/bin/python -m distributed.cli.dask_worker tcp://192.168.1.12:36695 --nthreads 1 --nworkers 20 --memory-limit 2.79GiB --name dummy-name --nanny --death-timeout 60 --local-directory ./logs/dask-worker-space

You are using SLURM!

SLURMCluster(34605c15, 'tcp://192.168.1.12:36695', workers=0, threads=0, memory=0 B)
------------------------------------------------------------------------
	Starting clients and submitting jobs ...
------------------------------------------------------------------------

SLURMCluster(34605c15, 'tcp://192.168.1.12:36695', workers=0, threads=0, memory=0 B)
<Client: 'tcp://192.168.1.12:36695' processes=0 threads=0, memory=0 B>
129 140 0
	Time required to do calculations:    4 minutes 26.8588 seconds



------------------------------------------------------------------------
Write results ...
------------------------------------------------------------------------

Compute area weighted MB for 1D case.
time 1: 0:00:00.080493
Geod. MB test.
0.5948229262395051
Time it took to calculate geod. MB  0:00:00.157168
Starting TSL eval.
Time required for resampling of output:  0:00:00.384182
Calculating TSLA using conservative. Normalization is set to True.
Max elev. 3697.2958984375 .
 Min elev. 2417.2958984375
[0. 0. 0. ... 0. 0. 0.]
Time required for calculating TSL only : 0:00:00.023945
Time required for calculating TSL stats:  0:00:00.003127
TSLA Observed vs. Modelled RMSE: 0.16559349227473824; R-squared: 0.33108284957581147
[0.         0.         0.         0.         0.29296875 0.
 0.         0.         0.         0.         0.         0.
 0.05859375 0.         0.         0.         0.00390625 0.21484375
 0.19140625 0.         0.         0.         0.         0.
 0.         0.24609375 0.26171875 0.         0.         0.
 0.         0.         0.29296875 0.         0.         0.
 0.         0.         0.26953125 0.33203125 0.33984375 0.
 0.         0.         0.35546875 0.         0.         0.37109375
 0.         0.         0.         0.         0.         0.
 0.         0.         0.         0.         0.         0.15234375
 0.29296875 0.37109375]
(62,)
Time required for full TSL EVAL:  0:00:00.432060
	Time required to write restart and output files:    0 minutes 0.599701 seconds

	Total run duration:    4 minutes 30.0759 seconds

------------------------------------------------------------------------
	SIMULATION WAS SUCCESSFUL
------------------------------------------------------------------------

Calculated MB is:  0.5948229262395051
Lapse rates are: 0.0 0.0 0.0
Time required to load in opt_dic:  0:00:00.000019
#--------------------------------------#
Starting simulations with the following parameters.
(array(1.665), array(0.25), array(0.84), array(0.555), array(15.55), array(15.55), 1.0, 1, 0.24, 1.7, 4.0)

#--------------------------------------#

 Maximum available time interval from 1999-01-01T00:00 until 2010-01-01T00:00. Time steps: 96433 


--------------------------------------------------------------
	 Integration from 1999-01-01T00:00 to 2010-01-01T00:00
--------------------------------------------------------------

--------------------------------------------------------------
Checking input data .... 

Temperature data (T2) ... ok 
Please check the input data, its seems they are out of range T2 MAX: 295.92 MIN: 235.57 

Relative humidity data (RH2) ... ok 
Shortwave data (G) ... ok 
Please check the input data, its seems they are out of range G MAX: 1915.46 MIN: 0.00 

Wind velocity data (U2) ... ok 
Precipitation data (RRR) ... ok 
Please check the input data, its seems they are out of range Rrr MAX: 61.63 MIN: 0.00 

Cloud cover data (N) ... ok 
Pressure data (PRES) ... ok 
Snowfall data (SNOWFALL) ... ok 
Please check the input data, its seems they are out of range Snowfall MAX: 0.19 MIN: 0.00 


 Glacier gridpoints: 129 




Output dataset ... ok
Restart dataset ... ok 

--------------------------------------------------------------

Time required to init IO, DATA, RESULT, RESTART:  0:00:01.821061
(96433, 129, 1)
Assigning values back to DATA
100.0
0.01591862687473622
(96433, 129, 1)
Seconds needed for lapse rate: 0:00:00.551387
#!/usr/bin/env bash

#SBATCH -J WoHEF
#SBATCH -A morsanat
#SBATCH -n 1
#SBATCH --cpus-per-task=20
#SBATCH --mem=56G
#SBATCH -t 00:30:00
#SBATCH --qos=short
#SBATCH --error=Error_nodes.err
#SBATCH --output=Output_nodes.out
#SBATCH --time=01:00:00
#SBATCH --mem='3G'

/data/scratch/richteny/miniconda3/envs/pymc_env/bin/python -m distributed.cli.dask_worker tcp://192.168.1.12:43625 --nthreads 1 --nworkers 20 --memory-limit 2.79GiB --name dummy-name --nanny --death-timeout 60 --local-directory ./logs/dask-worker-space

You are using SLURM!

SLURMCluster(28bb65d1, 'tcp://192.168.1.12:43625', workers=0, threads=0, memory=0 B)
------------------------------------------------------------------------
	Starting clients and submitting jobs ...
------------------------------------------------------------------------

SLURMCluster(28bb65d1, 'tcp://192.168.1.12:43625', workers=0, threads=0, memory=0 B)
<Client: 'tcp://192.168.1.12:43625' processes=0 threads=0, memory=0 B>
129 140 0
	Time required to do calculations:    4 minutes 26.0429 seconds



------------------------------------------------------------------------
Write results ...
------------------------------------------------------------------------

Compute area weighted MB for 1D case.
time 1: 0:00:00.082149
Geod. MB test.
0.5939464720007469
Time it took to calculate geod. MB  0:00:00.159941
Starting TSL eval.
Time required for resampling of output:  0:00:00.381386
Calculating TSLA using conservative. Normalization is set to True.
Max elev. 3697.2958984375 .
 Min elev. 2417.2958984375
[0. 0. 0. ... 0. 0. 0.]
Time required for calculating TSL only : 0:00:00.024329
Time required for calculating TSL stats:  0:00:00.003049
TSLA Observed vs. Modelled RMSE: 0.16543106948951353; R-squared: 0.3322777450239355
[0.         0.         0.         0.         0.29296875 0.
 0.         0.         0.         0.         0.         0.
 0.05859375 0.         0.         0.         0.00390625 0.21484375
 0.19140625 0.         0.         0.         0.         0.
 0.         0.24609375 0.26171875 0.         0.         0.
 0.         0.         0.29296875 0.         0.         0.
 0.         0.         0.27734375 0.33203125 0.33984375 0.
 0.         0.         0.35546875 0.         0.         0.37109375
 0.         0.         0.         0.         0.         0.
 0.         0.         0.         0.         0.         0.15234375
 0.29296875 0.37109375]
(62,)
Time required for full TSL EVAL:  0:00:00.430067
	Time required to write restart and output files:    0 minutes 0.600639 seconds

	Total run duration:    4 minutes 29.3497 seconds

------------------------------------------------------------------------
	SIMULATION WAS SUCCESSFUL
------------------------------------------------------------------------

Calculated MB is:  0.5939464720007469
Lapse rates are: 0.0 0.0 0.0
Time required to load in opt_dic:  0:00:00.000019
#--------------------------------------#
Starting simulations with the following parameters.
(array(1.665), array(0.25), array(0.84), array(0.555), array(15.55), array(15.55), 1.0, 1, 0.24, 1.7, 4.0)

#--------------------------------------#

 Maximum available time interval from 1999-01-01T00:00 until 2010-01-01T00:00. Time steps: 96433 


--------------------------------------------------------------
	 Integration from 1999-01-01T00:00 to 2010-01-01T00:00
--------------------------------------------------------------

--------------------------------------------------------------
Checking input data .... 

Temperature data (T2) ... ok 
Please check the input data, its seems they are out of range T2 MAX: 295.92 MIN: 235.57 

Relative humidity data (RH2) ... ok 
Shortwave data (G) ... ok 
Please check the input data, its seems they are out of range G MAX: 1915.46 MIN: 0.00 

Wind velocity data (U2) ... ok 
Precipitation data (RRR) ... ok 
Please check the input data, its seems they are out of range Rrr MAX: 61.63 MIN: 0.00 

Cloud cover data (N) ... ok 
Pressure data (PRES) ... ok 
Snowfall data (SNOWFALL) ... ok 
Please check the input data, its seems they are out of range Snowfall MAX: 0.19 MIN: 0.00 


 Glacier gridpoints: 129 




Output dataset ... ok
Restart dataset ... ok 

--------------------------------------------------------------

Time required to init IO, DATA, RESULT, RESTART:  0:00:01.849226
(96433, 129, 1)
Assigning values back to DATA
100.0
0.01591862687473622
(96433, 129, 1)
Seconds needed for lapse rate: 0:00:00.550528
#!/usr/bin/env bash

#SBATCH -J WoHEF
#SBATCH -A morsanat
#SBATCH -n 1
#SBATCH --cpus-per-task=20
#SBATCH --mem=56G
#SBATCH -t 00:30:00
#SBATCH --qos=short
#SBATCH --error=Error_nodes.err
#SBATCH --output=Output_nodes.out
#SBATCH --time=01:00:00
#SBATCH --mem='3G'

/data/scratch/richteny/miniconda3/envs/pymc_env/bin/python -m distributed.cli.dask_worker tcp://192.168.1.12:41589 --nthreads 1 --nworkers 20 --memory-limit 2.79GiB --name dummy-name --nanny --death-timeout 60 --local-directory ./logs/dask-worker-space

You are using SLURM!

SLURMCluster(b63c9409, 'tcp://192.168.1.12:41589', workers=0, threads=0, memory=0 B)
------------------------------------------------------------------------
	Starting clients and submitting jobs ...
------------------------------------------------------------------------

SLURMCluster(b63c9409, 'tcp://192.168.1.12:41589', workers=0, threads=0, memory=0 B)
<Client: 'tcp://192.168.1.12:41589' processes=0 threads=0, memory=0 B>
129 140 0
	Time required to do calculations:    4 minutes 31.8932 seconds



------------------------------------------------------------------------
Write results ...
------------------------------------------------------------------------

Compute area weighted MB for 1D case.
time 1: 0:00:00.080190
Geod. MB test.
0.5939464720007469
Time it took to calculate geod. MB  0:00:00.155748
Starting TSL eval.
Time required for resampling of output:  0:00:00.383499
Calculating TSLA using conservative. Normalization is set to True.
Max elev. 3697.2958984375 .
 Min elev. 2417.2958984375
[0. 0. 0. ... 0. 0. 0.]
Time required for calculating TSL only : 0:00:00.023781
Time required for calculating TSL stats:  0:00:00.002812
TSLA Observed vs. Modelled RMSE: 0.16543106948951353; R-squared: 0.3322777450239355
[0.         0.         0.         0.         0.29296875 0.
 0.         0.         0.         0.         0.         0.
 0.05859375 0.         0.         0.         0.00390625 0.21484375
 0.19140625 0.         0.         0.         0.         0.
 0.         0.24609375 0.26171875 0.         0.         0.
 0.         0.         0.29296875 0.         0.         0.
 0.         0.         0.27734375 0.33203125 0.33984375 0.
 0.         0.         0.35546875 0.         0.         0.37109375
 0.         0.         0.         0.         0.         0.
 0.         0.         0.         0.         0.         0.15234375
 0.29296875 0.37109375]
(62,)
Time required for full TSL EVAL:  0:00:00.429512
	Time required to write restart and output files:    0 minutes 0.594951 seconds

	Total run duration:    4 minutes 35.2229 seconds

------------------------------------------------------------------------
	SIMULATION WAS SUCCESSFUL
------------------------------------------------------------------------

Calculated MB is:  0.5939464720007469
 |----------------------------------| 0.25% [3/1200 40:44<270:54:00 Sampling chain 0, 0 divergences]Lapse rates are: 0.0 0.0 0.0
Time required to load in opt_dic:  0:00:00.000018
#--------------------------------------#
Starting simulations with the following parameters.
(array(1.6659146), array(0.25015301), array(0.83991532), array(0.55495104), array(15.54428744), array(15.55814867), 1.0, 1, 0.24, 1.7, 4.0)

#--------------------------------------#

 Maximum available time interval from 1999-01-01T00:00 until 2010-01-01T00:00. Time steps: 96433 


--------------------------------------------------------------
	 Integration from 1999-01-01T00:00 to 2010-01-01T00:00
--------------------------------------------------------------

--------------------------------------------------------------
Checking input data .... 

Temperature data (T2) ... ok 
Please check the input data, its seems they are out of range T2 MAX: 295.92 MIN: 235.57 

Relative humidity data (RH2) ... ok 
Shortwave data (G) ... ok 
Please check the input data, its seems they are out of range G MAX: 1915.46 MIN: 0.00 

Wind velocity data (U2) ... ok 
Precipitation data (RRR) ... ok 
Please check the input data, its seems they are out of range Rrr MAX: 61.63 MIN: 0.00 

Cloud cover data (N) ... ok 
Pressure data (PRES) ... ok 
Snowfall data (SNOWFALL) ... ok 
Please check the input data, its seems they are out of range Snowfall MAX: 0.19 MIN: 0.00 


 Glacier gridpoints: 129 




Output dataset ... ok
Restart dataset ... ok 

--------------------------------------------------------------

Time required to init IO, DATA, RESULT, RESTART:  0:00:01.704103
(96433, 129, 1)
Assigning values back to DATA
100.0
0.01591862687473622
(96433, 129, 1)
Seconds needed for lapse rate: 0:00:00.552662
#!/usr/bin/env bash

#SBATCH -J WoHEF
#SBATCH -A morsanat
#SBATCH -n 1
#SBATCH --cpus-per-task=20
#SBATCH --mem=56G
#SBATCH -t 00:30:00
#SBATCH --qos=short
#SBATCH --error=Error_nodes.err
#SBATCH --output=Output_nodes.out
#SBATCH --time=01:00:00
#SBATCH --mem='3G'

/data/scratch/richteny/miniconda3/envs/pymc_env/bin/python -m distributed.cli.dask_worker tcp://192.168.1.12:33017 --nthreads 1 --nworkers 20 --memory-limit 2.79GiB --name dummy-name --nanny --death-timeout 60 --local-directory ./logs/dask-worker-space

You are using SLURM!

SLURMCluster(3e403b53, 'tcp://192.168.1.12:33017', workers=0, threads=0, memory=0 B)
