-------------------------------------------
Create input 

Read input file ../../data/input/HEF/COSMO_forcing_1999-2010_PRESintp.csv
Empty DataFrame
Columns: [Unnamed: 0, T2, RH2, G, RRR, U2, N, RAIN, SNOWFALL, PRES, lr_t2m, lr_rh2, lr_tp, lr_sf]
Index: []
Empty DataFrame
Columns: [Unnamed: 0, T2, RH2, G, RRR, U2, N, RAIN, SNOWFALL, PRES, lr_t2m, lr_rh2, lr_tp, lr_sf]
Index: []
                            T2        RH2        U2  ...       RRR    N  SNOWFALL
TIMESTAMP                                            ...                         
1999-01-01 00:00:00  261.35452  98.009700  8.555125  ...  0.135531  1.0  0.001119
1999-01-01 01:00:00  261.46844  98.027650  8.533531  ...  0.147983  1.0  0.001215
1999-01-01 02:00:00  261.44547  98.026054  8.273806  ...  0.162952  1.0  0.001353
1999-01-01 03:00:00  261.47467  98.032570  7.963589  ...  0.217184  1.0  0.001824
1999-01-01 04:00:00  261.51294  98.037270  7.679445  ...  0.289205  1.0  0.002452

[5 rows x 8 columns]
Read static file ../../data/static/HEF/HEF_static_30m_raw_crop.nc 

<xarray.Dataset>
Dimensions:   (lon: 1, lat: 1, time: 96433)
Coordinates:
  * lon       (lon) float64 10.76
  * lat       (lat) float64 46.8
  * time      (time) datetime64[ns] 1999-01-01 ... 2010-01-01
Data variables:
    HGT       (lat, lon) float64 3.03e+03
    ASPECT    (lat, lon) float64 -25.92
    SLOPE     (lat, lon) float64 21.99
    MASK      (lat, lon) int64 1
    T2        (time, lat, lon) float64 261.4 261.5 261.4 ... 264.9 265.1 265.1
    RH2       (time, lat, lon) float64 98.01 98.03 98.03 ... 92.08 87.82 87.82
    U2        (time, lat, lon) float64 8.555 8.534 8.274 ... 1.299 1.76 1.76
    G         (time, lat, lon) float64 0.0 0.0 0.0 0.0 0.0 ... 0.0 0.0 0.0 0.0
    PRES      (time, lat, lon) float64 701.3 701.3 701.3 ... 682.1 682.1 682.1
    RRR       (time, lat, lon) float64 0.1355 0.148 0.163 ... 0.02634 0.02634
    SNOWFALL  (time, lat, lon) float64 0.001119 0.001215 ... 0.000278 0.1518
    N         (time, lat, lon) float64 1.0 1.0 1.0 1.0 1.0 ... 1.0 1.0 1.0 1.0
<xarray.Dataset>
Dimensions:   (lat: 1, lon: 1, time: 96433)
Coordinates:
  * lon       (lon) float64 10.76
  * lat       (lat) float64 46.8
  * time      (time) datetime64[ns] 1999-01-01 ... 2010-01-01
Data variables:
    HGT       (lat, lon) bool False
    ASPECT    (lat, lon) bool False
    SLOPE     (lat, lon) bool False
    MASK      (lat, lon) bool False
    T2        (time, lat, lon) bool False False False ... False False False
    RH2       (time, lat, lon) bool False False False ... False False False
    U2        (time, lat, lon) bool False False False ... False False False
    G         (time, lat, lon) bool False False False ... False False False
    PRES      (time, lat, lon) bool False False False ... False False False
    RRR       (time, lat, lon) bool False False False ... False False False
    SNOWFALL  (time, lat, lon) bool False False False ... False False False
    N         (time, lat, lon) bool False False False ... False False False
Input file created 

-------------------------------------------


WARNING! Please check the data, its seems they are out of a reasonable range Rrr MAX: 41.90 MIN: 0.00 



WARNING! Please check the data, its seems they are out of a reasonable range Snowfall MAX: 0.15 MIN: 0.00 

