-------------------------------------------
Create input 

Read input file ../../data/input/HEF/COSMO_forcing_1999-2010.csv
Read static file ../../data/static/HEF/HEF_static_raw_crop.nc 

Read large-scale static file.
Managed to get to here.
LWin in data
Interpolate CR file to grid
1.12e-07
1.68e-07
TIMESTAMP
1999-01-01 00:00:00   -0.008860
1999-01-01 00:00:00   -0.008860
1999-01-01 01:00:00   -0.008802
1999-01-01 02:00:00   -0.008578
1999-01-01 03:00:00   -0.008881
                         ...   
2009-12-31 20:00:00   -0.006143
2009-12-31 21:00:00   -0.008051
2009-12-31 22:00:00   -0.006376
2009-12-31 23:00:00   -0.007944
2010-01-01 00:00:00   -0.005885
Name: lr_t2m, Length: 96444, dtype: float64
TIMESTAMP
1999-01-01 00:00:00    0.001945
1999-01-01 00:00:00    0.001945
1999-01-01 01:00:00    0.001777
1999-01-01 02:00:00    0.002019
1999-01-01 03:00:00    0.001699
                         ...   
2009-12-31 20:00:00   -0.000593
2009-12-31 21:00:00   -0.014180
2009-12-31 22:00:00   -0.022562
2009-12-31 23:00:00   -0.018518
2010-01-01 00:00:00    0.035711
Name: lr_lwin, Length: 96444, dtype: float64
Number of glacier cells: 12265
Number of glacier cells: 12265
Run the Radiation Module Moelg2009
Build look-up-tables
Look-up-table sky view factor done
Look-up-table topographic shading done
<xarray.Dataset>
Dimensions:  (lat: 121, lon: 281, time: 2928)
Coordinates:
  * time     (time) int64 0 1 2 3 4 5 6 7 ... 2921 2922 2923 2924 2925 2926 2927
  * lat      (lat) float64 46.82 46.82 46.82 46.82 ... 46.79 46.79 46.79 46.79
  * lon      (lon) float64 10.73 10.73 10.73 10.73 10.73 ... 10.8 10.8 10.8 10.8
Data variables:
    SVF      (lat, lon) float32 nan nan nan nan nan nan ... nan nan nan nan nan
    SHADING  (time, lat, lon) float64 nan nan nan nan nan ... nan nan nan nan
    MASK     (lat, lon) float32 nan nan nan nan nan nan ... nan nan nan nan nan
    SLOPE    (lat, lon) float32 nan nan nan nan nan nan ... nan nan nan nan nan
    ASPECT   (lat, lon) float32 nan nan nan nan nan nan ... nan nan nan nan nan
    HGT      (lat, lon) float32 nan nan nan nan nan nan ... nan nan nan nan nan
Input file created 

-------------------------------------------


WARNING! Please check the data, its seems they are out of a reasonable range Rrr MAX: 176.74 MIN: 0.00 



WARNING! Please check the data, its seems they are out of a reasonable range Lwin MAX: 653.91 MIN: 0.00 

